Build started 2015-05-19 18:59:40.
     1>Project "C:\Users\Oskar\Documents\GitHub\TP_Projekt3_OskBagin_RemKruk\PROJEKT WINAPI\PROJEKT WINAPI.vcxproj" on node 2 (build target(s)).
     1>InitializeBuildStatus:
         Creating "Debug\PROJEKT WINAPI.unsuccessfulbuild" because "AlwaysCreate" was specified.
       ClCompile:
         All outputs are up-to-date.
         All outputs are up-to-date.
       ResourceCompile:
         All outputs are up-to-date.
       ManifestResourceCompile:
         All outputs are up-to-date.
       Link:
         All outputs are up-to-date.
       Manifest:
         All outputs are up-to-date.
       FinalizeBuildStatus:
         Deleting file "Debug\PROJEKT WINAPI.unsuccessfulbuild".
         Touching "Debug\PROJEKT WINAPI.lastbuildstate".
     1>Done Building Project "C:\Users\Oskar\Documents\GitHub\TP_Projekt3_OskBagin_RemKruk\PROJEKT WINAPI\PROJEKT WINAPI.vcxproj" (build target(s)).

Build succeeded.

Time Elapsed 00:00:00.09
