C:\USERS\OSKAR\DESKTOP\DZWIG\DZWIGBESTONEEVER\DEBUG\DZWIGBESTONEEVER.EXE
C:\USERS\OSKAR\DESKTOP\DZWIG\DZWIGBESTONEEVER\DEBUG\DZWIGBESTONEEVER.ILK
C:\USERS\OSKAR\DESKTOP\DZWIG\DZWIGBESTONEEVER\DEBUG\DZWIGBESTONEEVER.PDB
C:\Users\Oskar\Desktop\dzwig\DzwigBestOneEver\DzwigBestOneEver\Debug\cl.command.1.tlog
C:\Users\Oskar\Desktop\dzwig\DzwigBestOneEver\DzwigBestOneEver\Debug\CL.read.1.tlog
C:\Users\Oskar\Desktop\dzwig\DzwigBestOneEver\DzwigBestOneEver\Debug\CL.write.1.tlog
C:\USERS\OSKAR\DESKTOP\DZWIG\DZWIGBESTONEEVER\DZWIGBESTONEEVER\DEBUG\DZWIGBESTONEEVER.EXE.EMBED.MANIFEST
C:\USERS\OSKAR\DESKTOP\DZWIG\DZWIGBESTONEEVER\DZWIGBESTONEEVER\DEBUG\DZWIGBESTONEEVER.EXE.EMBED.MANIFEST.RES
C:\USERS\OSKAR\DESKTOP\DZWIG\DZWIGBESTONEEVER\DZWIGBESTONEEVER\DEBUG\DZWIGBESTONEEVER.EXE.INTERMEDIATE.MANIFEST
C:\USERS\OSKAR\DESKTOP\DZWIG\DZWIGBESTONEEVER\DZWIGBESTONEEVER\DEBUG\DZWIGBESTONEEVER.OBJ
C:\USERS\OSKAR\DESKTOP\DZWIG\DZWIGBESTONEEVER\DZWIGBESTONEEVER\DEBUG\DZWIGBESTONEEVER.PCH
C:\USERS\OSKAR\DESKTOP\DZWIG\DZWIGBESTONEEVER\DZWIGBESTONEEVER\DEBUG\DZWIGBESTONEEVER.RES
C:\Users\Oskar\Desktop\dzwig\DzwigBestOneEver\DzwigBestOneEver\Debug\DzwigBestOneEver.vcxprojResolveAssemblyReference.cache
C:\Users\Oskar\Desktop\dzwig\DzwigBestOneEver\DzwigBestOneEver\Debug\DzwigBestOneEver.write.1.tlog
C:\Users\Oskar\Desktop\dzwig\DzwigBestOneEver\DzwigBestOneEver\Debug\DzwigBestOneEver_manifest.rc
C:\USERS\OSKAR\DESKTOP\DZWIG\DZWIGBESTONEEVER\DZWIGBESTONEEVER\DEBUG\KLOCUSZEK.OBJ
C:\Users\Oskar\Desktop\dzwig\DzwigBestOneEver\DzwigBestOneEver\Debug\link.2184.read.1.tlog
C:\Users\Oskar\Desktop\dzwig\DzwigBestOneEver\DzwigBestOneEver\Debug\link.2184.write.1.tlog
C:\Users\Oskar\Desktop\dzwig\DzwigBestOneEver\DzwigBestOneEver\Debug\link.2184-cvtres.read.1.tlog
C:\Users\Oskar\Desktop\dzwig\DzwigBestOneEver\DzwigBestOneEver\Debug\link.2184-cvtres.write.1.tlog
C:\Users\Oskar\Desktop\dzwig\DzwigBestOneEver\DzwigBestOneEver\Debug\link.command.1.tlog
C:\Users\Oskar\Desktop\dzwig\DzwigBestOneEver\DzwigBestOneEver\Debug\link.read.1.tlog
C:\Users\Oskar\Desktop\dzwig\DzwigBestOneEver\DzwigBestOneEver\Debug\link.write.1.tlog
C:\Users\Oskar\Desktop\dzwig\DzwigBestOneEver\DzwigBestOneEver\Debug\link-cvtres.read.1.tlog
C:\Users\Oskar\Desktop\dzwig\DzwigBestOneEver\DzwigBestOneEver\Debug\link-cvtres.write.1.tlog
C:\Users\Oskar\Desktop\dzwig\DzwigBestOneEver\DzwigBestOneEver\Debug\mt.command.1.tlog
C:\Users\Oskar\Desktop\dzwig\DzwigBestOneEver\DzwigBestOneEver\Debug\mt.read.1.tlog
C:\Users\Oskar\Desktop\dzwig\DzwigBestOneEver\DzwigBestOneEver\Debug\mt.write.1.tlog
C:\Users\Oskar\Desktop\dzwig\DzwigBestOneEver\DzwigBestOneEver\Debug\rc.command.1.tlog
C:\Users\Oskar\Desktop\dzwig\DzwigBestOneEver\DzwigBestOneEver\Debug\rc.read.1.tlog
C:\Users\Oskar\Desktop\dzwig\DzwigBestOneEver\DzwigBestOneEver\Debug\rc.write.1.tlog
C:\Users\Oskar\Desktop\dzwig\DzwigBestOneEver\DzwigBestOneEver\Debug\vc100.idb
C:\USERS\OSKAR\DESKTOP\DZWIG\DZWIGBESTONEEVER\DZWIGBESTONEEVER\DEBUG\VC100.PDB
